[2023-05-11 17:04:43.014] [pxr_streamer] [info] ***********  Log Begin **********
[2023-05-11 17:04:43.014] [pxr_streamer] [info] process id= 896
[2023-05-11 17:04:43.014] [pxr_streamer] [error] rpc_terminal.cpp:37 operator (): connect failed, error= 대상 컴퓨터에서 연결을 거부했으므로 연결하지 못했습니다., this = 0xee50a20
[2023-05-11 17:04:43.015] [pxr_streamer] [error] rpc_terminal.h:50 Call: invalid rpc_client_, msg = Hello, this = 0xee50a20
[2023-05-11 17:04:43.015] [pxr_streamer] [error] rpc_terminal.h:50 Call: invalid rpc_client_, msg = QueryRemoteTerminals, this = 0xee50a20
[2023-05-11 17:04:46.056] [pxr_streamer] [error] rpc_terminal.cpp:37 operator (): connect failed, error= 대상 컴퓨터에서 연결을 거부했으므로 연결하지 못했습니다., this = 0xee50a20
[2023-05-11 17:04:49.093] [pxr_streamer] [error] rpc_terminal.cpp:37 operator (): connect failed, error= 대상 컴퓨터에서 연결을 거부했으므로 연결하지 못했습니다., this = 0xee50a20
[2023-05-11 17:04:52.114] [pxr_streamer] [error] rpc_terminal.cpp:37 operator (): connect failed, error= 대상 컴퓨터에서 연결을 거부했으므로 연결하지 못했습니다., this = 0xee50a20
[2023-05-11 17:04:55.133] [pxr_streamer] [error] rpc_terminal.cpp:37 operator (): connect failed, error= 대상 컴퓨터에서 연결을 거부했으므로 연결하지 못했습니다., this = 0xee50a20
[2023-05-11 17:04:58.162] [pxr_streamer] [error] rpc_terminal.cpp:37 operator (): connect failed, error= 대상 컴퓨터에서 연결을 거부했으므로 연결하지 못했습니다., this = 0xee50a20
[2023-05-11 17:05:01.174] [pxr_streamer] [error] rpc_terminal.cpp:37 operator (): connect failed, error= 대상 컴퓨터에서 연결을 거부했으므로 연결하지 못했습니다., this = 0xee50a20
[2023-05-11 17:05:04.221] [pxr_streamer] [error] rpc_terminal.cpp:37 operator (): connect failed, error= 대상 컴퓨터에서 연결을 거부했으므로 연결하지 못했습니다., this = 0xee50a20
[2023-05-11 17:05:07.259] [pxr_streamer] [error] rpc_terminal.cpp:37 operator (): connect failed, error= 대상 컴퓨터에서 연결을 거부했으므로 연결하지 못했습니다., this = 0xee50a20
[2023-05-11 17:05:10.304] [pxr_streamer] [error] rpc_terminal.cpp:37 operator (): connect failed, error= 대상 컴퓨터에서 연결을 거부했으므로 연결하지 못했습니다., this = 0xee50a20
[2023-05-11 17:05:13.354] [pxr_streamer] [error] rpc_terminal.cpp:37 operator (): connect failed, error= 대상 컴퓨터에서 연결을 거부했으므로 연결하지 못했습니다., this = 0xee50a20
[2023-05-11 17:05:16.414] [pxr_streamer] [error] rpc_terminal.cpp:37 operator (): connect failed, error= 대상 컴퓨터에서 연결을 거부했으므로 연결하지 못했습니다., this = 0xee50a20
[2023-05-11 17:05:19.458] [pxr_streamer] [error] rpc_terminal.cpp:37 operator (): connect failed, error= 대상 컴퓨터에서 연결을 거부했으므로 연결하지 못했습니다., this = 0xee50a20
[2023-05-11 17:05:22.492] [pxr_streamer] [error] rpc_terminal.cpp:37 operator (): connect failed, error= 대상 컴퓨터에서 연결을 거부했으므로 연결하지 못했습니다., this = 0xee50a20
[2023-05-11 17:05:25.533] [pxr_streamer] [error] rpc_terminal.cpp:37 operator (): connect failed, error= 대상 컴퓨터에서 연결을 거부했으므로 연결하지 못했습니다., this = 0xee50a20
[2023-05-11 17:05:28.576] [pxr_streamer] [error] rpc_terminal.cpp:37 operator (): connect failed, error= 대상 컴퓨터에서 연결을 거부했으므로 연결하지 못했습니다., this = 0xee50a20
[2023-05-11 17:05:31.622] [pxr_streamer] [error] rpc_terminal.cpp:37 operator (): connect failed, error= 대상 컴퓨터에서 연결을 거부했으므로 연결하지 못했습니다., this = 0xee50a20
[2023-05-11 17:05:34.669] [pxr_streamer] [error] rpc_terminal.cpp:37 operator (): connect failed, error= 대상 컴퓨터에서 연결을 거부했으므로 연결하지 못했습니다., this = 0xee50a20
[2023-05-11 17:05:37.730] [pxr_streamer] [error] rpc_terminal.cpp:37 operator (): connect failed, error= 대상 컴퓨터에서 연결을 거부했으므로 연결하지 못했습니다., this = 0xee50a20
[2023-05-11 17:05:40.770] [pxr_streamer] [error] rpc_terminal.cpp:37 operator (): connect failed, error= 대상 컴퓨터에서 연결을 거부했으므로 연결하지 못했습니다., this = 0xee50a20
[2023-05-11 17:05:43.825] [pxr_streamer] [error] rpc_terminal.cpp:37 operator (): connect failed, error= 대상 컴퓨터에서 연결을 거부했으므로 연결하지 못했습니다., this = 0xee50a20
[2023-05-11 17:05:46.879] [pxr_streamer] [error] rpc_terminal.cpp:37 operator (): connect failed, error= 대상 컴퓨터에서 연결을 거부했으므로 연결하지 못했습니다., this = 0xee50a20
[2023-05-11 17:05:49.915] [pxr_streamer] [error] rpc_terminal.cpp:37 operator (): connect failed, error= 대상 컴퓨터에서 연결을 거부했으므로 연결하지 못했습니다., this = 0xee50a20
[2023-05-11 17:05:52.948] [pxr_streamer] [error] rpc_terminal.cpp:37 operator (): connect failed, error= 대상 컴퓨터에서 연결을 거부했으므로 연결하지 못했습니다., this = 0xee50a20
[2023-05-11 17:05:55.986] [pxr_streamer] [error] rpc_terminal.cpp:37 operator (): connect failed, error= 대상 컴퓨터에서 연결을 거부했으므로 연결하지 못했습니다., this = 0xee50a20
[2023-05-11 17:05:59.021] [pxr_streamer] [error] rpc_terminal.cpp:37 operator (): connect failed, error= 대상 컴퓨터에서 연결을 거부했으므로 연결하지 못했습니다., this = 0xee50a20
[2023-05-11 17:06:02.057] [pxr_streamer] [error] rpc_terminal.cpp:37 operator (): connect failed, error= 대상 컴퓨터에서 연결을 거부했으므로 연결하지 못했습니다., this = 0xee50a20
[2023-05-11 17:06:05.101] [pxr_streamer] [error] rpc_terminal.cpp:37 operator (): connect failed, error= 대상 컴퓨터에서 연결을 거부했으므로 연결하지 못했습니다., this = 0xee50a20
[2023-05-11 17:06:08.152] [pxr_streamer] [error] rpc_terminal.cpp:37 operator (): connect failed, error= 대상 컴퓨터에서 연결을 거부했으므로 연결하지 못했습니다., this = 0xee50a20
[2023-05-11 17:06:11.199] [pxr_streamer] [error] rpc_terminal.cpp:37 operator (): connect failed, error= 대상 컴퓨터에서 연결을 거부했으므로 연결하지 못했습니다., this = 0xee50a20
[2023-05-11 17:06:14.243] [pxr_streamer] [error] rpc_terminal.cpp:37 operator (): connect failed, error= 대상 컴퓨터에서 연결을 거부했으므로 연결하지 못했습니다., this = 0xee50a20
[2023-05-11 17:06:17.285] [pxr_streamer] [error] rpc_terminal.cpp:37 operator (): connect failed, error= 대상 컴퓨터에서 연결을 거부했으므로 연결하지 못했습니다., this = 0xee50a20
[2023-05-11 17:06:20.341] [pxr_streamer] [error] rpc_terminal.cpp:37 operator (): connect failed, error= 대상 컴퓨터에서 연결을 거부했으므로 연결하지 못했습니다., this = 0xee50a20
[2023-05-11 17:06:23.386] [pxr_streamer] [error] rpc_terminal.cpp:37 operator (): connect failed, error= 대상 컴퓨터에서 연결을 거부했으므로 연결하지 못했습니다., this = 0xee50a20
[2023-05-11 17:06:26.430] [pxr_streamer] [error] rpc_terminal.cpp:37 operator (): connect failed, error= 대상 컴퓨터에서 연결을 거부했으므로 연결하지 못했습니다., this = 0xee50a20
[2023-05-11 17:06:29.464] [pxr_streamer] [error] rpc_terminal.cpp:37 operator (): connect failed, error= 대상 컴퓨터에서 연결을 거부했으므로 연결하지 못했습니다., this = 0xee50a20
[2023-05-11 17:06:32.509] [pxr_streamer] [error] rpc_terminal.cpp:37 operator (): connect failed, error= 대상 컴퓨터에서 연결을 거부했으므로 연결하지 못했습니다., this = 0xee50a20
[2023-05-11 17:06:35.553] [pxr_streamer] [error] rpc_terminal.cpp:37 operator (): connect failed, error= 대상 컴퓨터에서 연결을 거부했으므로 연결하지 못했습니다., this = 0xee50a20
[2023-05-11 17:06:38.600] [pxr_streamer] [error] rpc_terminal.cpp:37 operator (): connect failed, error= 대상 컴퓨터에서 연결을 거부했으므로 연결하지 못했습니다., this = 0xee50a20
[2023-05-11 17:06:41.649] [pxr_streamer] [error] rpc_terminal.cpp:37 operator (): connect failed, error= 대상 컴퓨터에서 연결을 거부했으므로 연결하지 못했습니다., this = 0xee50a20
[2023-05-11 17:06:44.711] [pxr_streamer] [error] rpc_terminal.cpp:37 operator (): connect failed, error= 대상 컴퓨터에서 연결을 거부했으므로 연결하지 못했습니다., this = 0xee50a20
[2023-05-11 17:06:47.765] [pxr_streamer] [error] rpc_terminal.cpp:37 operator (): connect failed, error= 대상 컴퓨터에서 연결을 거부했으므로 연결하지 못했습니다., this = 0xee50a20
[2023-05-11 17:06:50.804] [pxr_streamer] [error] rpc_terminal.cpp:37 operator (): connect failed, error= 대상 컴퓨터에서 연결을 거부했으므로 연결하지 못했습니다., this = 0xee50a20
[2023-05-11 17:06:53.849] [pxr_streamer] [error] rpc_terminal.cpp:37 operator (): connect failed, error= 대상 컴퓨터에서 연결을 거부했으므로 연결하지 못했습니다., this = 0xee50a20
[2023-05-11 17:06:56.887] [pxr_streamer] [error] rpc_terminal.cpp:37 operator (): connect failed, error= 대상 컴퓨터에서 연결을 거부했으므로 연결하지 못했습니다., this = 0xee50a20
[2023-05-11 17:06:59.929] [pxr_streamer] [error] rpc_terminal.cpp:37 operator (): connect failed, error= 대상 컴퓨터에서 연결을 거부했으므로 연결하지 못했습니다., this = 0xee50a20
[2023-05-11 17:07:02.970] [pxr_streamer] [error] rpc_terminal.cpp:37 operator (): connect failed, error= 대상 컴퓨터에서 연결을 거부했으므로 연결하지 못했습니다., this = 0xee50a20
[2023-05-11 17:07:06.006] [pxr_streamer] [error] rpc_terminal.cpp:37 operator (): connect failed, error= 대상 컴퓨터에서 연결을 거부했으므로 연결하지 못했습니다., this = 0xee50a20
[2023-05-11 17:07:09.045] [pxr_streamer] [error] rpc_terminal.cpp:37 operator (): connect failed, error= 대상 컴퓨터에서 연결을 거부했으므로 연결하지 못했습니다., this = 0xee50a20
[2023-05-11 17:07:12.083] [pxr_streamer] [error] rpc_terminal.cpp:37 operator (): connect failed, error= 대상 컴퓨터에서 연결을 거부했으므로 연결하지 못했습니다., this = 0xee50a20
[2023-05-11 17:07:15.119] [pxr_streamer] [error] rpc_terminal.cpp:37 operator (): connect failed, error= 대상 컴퓨터에서 연결을 거부했으므로 연결하지 못했습니다., this = 0xee50a20
[2023-05-11 17:07:18.161] [pxr_streamer] [error] rpc_terminal.cpp:37 operator (): connect failed, error= 대상 컴퓨터에서 연결을 거부했으므로 연결하지 못했습니다., this = 0xee50a20
[2023-05-11 17:07:21.208] [pxr_streamer] [error] rpc_terminal.cpp:37 operator (): connect failed, error= 대상 컴퓨터에서 연결을 거부했으므로 연결하지 못했습니다., this = 0xee50a20
[2023-05-11 17:07:24.249] [pxr_streamer] [error] rpc_terminal.cpp:37 operator (): connect failed, error= 대상 컴퓨터에서 연결을 거부했으므로 연결하지 못했습니다., this = 0xee50a20
[2023-05-11 17:07:27.296] [pxr_streamer] [error] rpc_terminal.cpp:37 operator (): connect failed, error= 대상 컴퓨터에서 연결을 거부했으므로 연결하지 못했습니다., this = 0xee50a20
[2023-05-11 17:07:30.336] [pxr_streamer] [error] rpc_terminal.cpp:37 operator (): connect failed, error= 대상 컴퓨터에서 연결을 거부했으므로 연결하지 못했습니다., this = 0xee50a20
[2023-05-11 17:07:33.385] [pxr_streamer] [error] rpc_terminal.cpp:37 operator (): connect failed, error= 대상 컴퓨터에서 연결을 거부했으므로 연결하지 못했습니다., this = 0xee50a20
[2023-05-11 17:07:36.429] [pxr_streamer] [error] rpc_terminal.cpp:37 operator (): connect failed, error= 대상 컴퓨터에서 연결을 거부했으므로 연결하지 못했습니다., this = 0xee50a20
[2023-05-11 17:07:39.475] [pxr_streamer] [error] rpc_terminal.cpp:37 operator (): connect failed, error= 대상 컴퓨터에서 연결을 거부했으므로 연결하지 못했습니다., this = 0xee50a20
[2023-05-11 17:07:42.525] [pxr_streamer] [error] rpc_terminal.cpp:37 operator (): connect failed, error= 대상 컴퓨터에서 연결을 거부했으므로 연결하지 못했습니다., this = 0xee50a20
[2023-05-11 17:07:45.566] [pxr_streamer] [error] rpc_terminal.cpp:37 operator (): connect failed, error= 대상 컴퓨터에서 연결을 거부했으므로 연결하지 못했습니다., this = 0xee50a20
[2023-05-11 17:07:48.609] [pxr_streamer] [error] rpc_terminal.cpp:37 operator (): connect failed, error= 대상 컴퓨터에서 연결을 거부했으므로 연결하지 못했습니다., this = 0xee50a20
[2023-05-11 17:07:51.652] [pxr_streamer] [error] rpc_terminal.cpp:37 operator (): connect failed, error= 대상 컴퓨터에서 연결을 거부했으므로 연결하지 못했습니다., this = 0xee50a20
[2023-05-11 17:07:54.688] [pxr_streamer] [error] rpc_terminal.cpp:37 operator (): connect failed, error= 대상 컴퓨터에서 연결을 거부했으므로 연결하지 못했습니다., this = 0xee50a20
[2023-05-11 17:07:57.729] [pxr_streamer] [error] rpc_terminal.cpp:37 operator (): connect failed, error= 대상 컴퓨터에서 연결을 거부했으므로 연결하지 못했습니다., this = 0xee50a20
[2023-05-11 17:08:00.762] [pxr_streamer] [error] rpc_terminal.cpp:37 operator (): connect failed, error= 대상 컴퓨터에서 연결을 거부했으므로 연결하지 못했습니다., this = 0xee50a20
[2023-05-11 17:08:03.798] [pxr_streamer] [error] rpc_terminal.cpp:37 operator (): connect failed, error= 대상 컴퓨터에서 연결을 거부했으므로 연결하지 못했습니다., this = 0xee50a20
[2023-05-11 17:08:06.849] [pxr_streamer] [error] rpc_terminal.cpp:37 operator (): connect failed, error= 대상 컴퓨터에서 연결을 거부했으므로 연결하지 못했습니다., this = 0xee50a20
[2023-05-11 17:08:09.886] [pxr_streamer] [error] rpc_terminal.cpp:37 operator (): connect failed, error= 대상 컴퓨터에서 연결을 거부했으므로 연결하지 못했습니다., this = 0xee50a20
[2023-05-11 17:08:12.925] [pxr_streamer] [error] rpc_terminal.cpp:37 operator (): connect failed, error= 대상 컴퓨터에서 연결을 거부했으므로 연결하지 못했습니다., this = 0xee50a20
[2023-05-11 17:08:15.966] [pxr_streamer] [error] rpc_terminal.cpp:37 operator (): connect failed, error= 대상 컴퓨터에서 연결을 거부했으므로 연결하지 못했습니다., this = 0xee50a20
[2023-05-11 17:08:19.008] [pxr_streamer] [error] rpc_terminal.cpp:37 operator (): connect failed, error= 대상 컴퓨터에서 연결을 거부했으므로 연결하지 못했습니다., this = 0xee50a20
[2023-05-11 17:08:22.052] [pxr_streamer] [error] rpc_terminal.cpp:37 operator (): connect failed, error= 대상 컴퓨터에서 연결을 거부했으므로 연결하지 못했습니다., this = 0xee50a20
[2023-05-11 17:08:25.097] [pxr_streamer] [error] rpc_terminal.cpp:37 operator (): connect failed, error= 대상 컴퓨터에서 연결을 거부했으므로 연결하지 못했습니다., this = 0xee50a20
[2023-05-11 17:08:28.163] [pxr_streamer] [error] rpc_terminal.cpp:37 operator (): connect failed, error= 대상 컴퓨터에서 연결을 거부했으므로 연결하지 못했습니다., this = 0xee50a20
[2023-05-11 17:08:31.224] [pxr_streamer] [error] rpc_terminal.cpp:37 operator (): connect failed, error= 대상 컴퓨터에서 연결을 거부했으므로 연결하지 못했습니다., this = 0xee50a20
[2023-05-11 17:08:34.269] [pxr_streamer] [error] rpc_terminal.cpp:37 operator (): connect failed, error= 대상 컴퓨터에서 연결을 거부했으므로 연결하지 못했습니다., this = 0xee50a20
[2023-05-11 17:08:37.309] [pxr_streamer] [error] rpc_terminal.cpp:37 operator (): connect failed, error= 대상 컴퓨터에서 연결을 거부했으므로 연결하지 못했습니다., this = 0xee50a20
[2023-05-11 17:08:40.346] [pxr_streamer] [error] rpc_terminal.cpp:37 operator (): connect failed, error= 대상 컴퓨터에서 연결을 거부했으므로 연결하지 못했습니다., this = 0xee50a20
[2023-05-11 17:08:43.391] [pxr_streamer] [error] rpc_terminal.cpp:37 operator (): connect failed, error= 대상 컴퓨터에서 연결을 거부했으므로 연결하지 못했습니다., this = 0xee50a20
[2023-05-11 17:08:46.419] [pxr_streamer] [error] rpc_terminal.cpp:37 operator (): connect failed, error= 대상 컴퓨터에서 연결을 거부했으므로 연결하지 못했습니다., this = 0xee50a20
[2023-05-11 17:08:49.451] [pxr_streamer] [error] rpc_terminal.cpp:37 operator (): connect failed, error= 대상 컴퓨터에서 연결을 거부했으므로 연결하지 못했습니다., this = 0xee50a20
[2023-05-11 17:08:52.500] [pxr_streamer] [error] rpc_terminal.cpp:37 operator (): connect failed, error= 대상 컴퓨터에서 연결을 거부했으므로 연결하지 못했습니다., this = 0xee50a20
[2023-05-11 17:08:55.536] [pxr_streamer] [error] rpc_terminal.cpp:37 operator (): connect failed, error= 대상 컴퓨터에서 연결을 거부했으므로 연결하지 못했습니다., this = 0xee50a20
[2023-05-11 17:08:58.581] [pxr_streamer] [error] rpc_terminal.cpp:37 operator (): connect failed, error= 대상 컴퓨터에서 연결을 거부했으므로 연결하지 못했습니다., this = 0xee50a20
[2023-05-11 17:09:01.623] [pxr_streamer] [error] rpc_terminal.cpp:37 operator (): connect failed, error= 대상 컴퓨터에서 연결을 거부했으므로 연결하지 못했습니다., this = 0xee50a20
[2023-05-11 17:09:04.664] [pxr_streamer] [error] rpc_terminal.cpp:37 operator (): connect failed, error= 대상 컴퓨터에서 연결을 거부했으므로 연결하지 못했습니다., this = 0xee50a20
[2023-05-11 17:09:07.708] [pxr_streamer] [error] rpc_terminal.cpp:37 operator (): connect failed, error= 대상 컴퓨터에서 연결을 거부했으므로 연결하지 못했습니다., this = 0xee50a20
[2023-05-11 17:09:10.748] [pxr_streamer] [error] rpc_terminal.cpp:37 operator (): connect failed, error= 대상 컴퓨터에서 연결을 거부했으므로 연결하지 못했습니다., this = 0xee50a20
[2023-05-11 17:09:13.790] [pxr_streamer] [error] rpc_terminal.cpp:37 operator (): connect failed, error= 대상 컴퓨터에서 연결을 거부했으므로 연결하지 못했습니다., this = 0xee50a20
[2023-05-11 17:09:16.832] [pxr_streamer] [error] rpc_terminal.cpp:37 operator (): connect failed, error= 대상 컴퓨터에서 연결을 거부했으므로 연결하지 못했습니다., this = 0xee50a20
[2023-05-11 17:09:19.860] [pxr_streamer] [error] rpc_terminal.cpp:37 operator (): connect failed, error= 대상 컴퓨터에서 연결을 거부했으므로 연결하지 못했습니다., this = 0xee50a20
[2023-05-11 17:09:22.921] [pxr_streamer] [error] rpc_terminal.cpp:37 operator (): connect failed, error= 대상 컴퓨터에서 연결을 거부했으므로 연결하지 못했습니다., this = 0xee50a20
[2023-05-11 17:09:25.964] [pxr_streamer] [error] rpc_terminal.cpp:37 operator (): connect failed, error= 대상 컴퓨터에서 연결을 거부했으므로 연결하지 못했습니다., this = 0xee50a20
[2023-05-11 17:09:28.997] [pxr_streamer] [error] rpc_terminal.cpp:37 operator (): connect failed, error= 대상 컴퓨터에서 연결을 거부했으므로 연결하지 못했습니다., this = 0xee50a20
[2023-05-11 17:09:32.045] [pxr_streamer] [error] rpc_terminal.cpp:37 operator (): connect failed, error= 대상 컴퓨터에서 연결을 거부했으므로 연결하지 못했습니다., this = 0xee50a20
[2023-05-11 17:09:35.081] [pxr_streamer] [error] rpc_terminal.cpp:37 operator (): connect failed, error= 대상 컴퓨터에서 연결을 거부했으므로 연결하지 못했습니다., this = 0xee50a20
[2023-05-11 17:09:38.115] [pxr_streamer] [error] rpc_terminal.cpp:37 operator (): connect failed, error= 대상 컴퓨터에서 연결을 거부했으므로 연결하지 못했습니다., this = 0xee50a20
[2023-05-11 17:09:41.150] [pxr_streamer] [error] rpc_terminal.cpp:37 operator (): connect failed, error= 대상 컴퓨터에서 연결을 거부했으므로 연결하지 못했습니다., this = 0xee50a20
[2023-05-11 17:09:44.191] [pxr_streamer] [error] rpc_terminal.cpp:37 operator (): connect failed, error= 대상 컴퓨터에서 연결을 거부했으므로 연결하지 못했습니다., this = 0xee50a20
[2023-05-11 17:09:47.231] [pxr_streamer] [error] rpc_terminal.cpp:37 operator (): connect failed, error= 대상 컴퓨터에서 연결을 거부했으므로 연결하지 못했습니다., this = 0xee50a20
[2023-05-11 17:09:50.293] [pxr_streamer] [error] rpc_terminal.cpp:37 operator (): connect failed, error= 대상 컴퓨터에서 연결을 거부했으므로 연결하지 못했습니다., this = 0xee50a20
[2023-05-11 17:09:53.337] [pxr_streamer] [error] rpc_terminal.cpp:37 operator (): connect failed, error= 대상 컴퓨터에서 연결을 거부했으므로 연결하지 못했습니다., this = 0xee50a20
[2023-05-11 17:09:56.378] [pxr_streamer] [error] rpc_terminal.cpp:37 operator (): connect failed, error= 대상 컴퓨터에서 연결을 거부했으므로 연결하지 못했습니다., this = 0xee50a20
[2023-05-11 17:09:59.416] [pxr_streamer] [error] rpc_terminal.cpp:37 operator (): connect failed, error= 대상 컴퓨터에서 연결을 거부했으므로 연결하지 못했습니다., this = 0xee50a20
[2023-05-11 17:10:02.461] [pxr_streamer] [error] rpc_terminal.cpp:37 operator (): connect failed, error= 대상 컴퓨터에서 연결을 거부했으므로 연결하지 못했습니다., this = 0xee50a20
[2023-05-11 17:10:05.514] [pxr_streamer] [error] rpc_terminal.cpp:37 operator (): connect failed, error= 대상 컴퓨터에서 연결을 거부했으므로 연결하지 못했습니다., this = 0xee50a20
[2023-05-11 17:10:08.563] [pxr_streamer] [error] rpc_terminal.cpp:37 operator (): connect failed, error= 대상 컴퓨터에서 연결을 거부했으므로 연결하지 못했습니다., this = 0xee50a20
[2023-05-11 17:10:11.601] [pxr_streamer] [error] rpc_terminal.cpp:37 operator (): connect failed, error= 대상 컴퓨터에서 연결을 거부했으므로 연결하지 못했습니다., this = 0xee50a20
[2023-05-11 17:10:14.636] [pxr_streamer] [error] rpc_terminal.cpp:37 operator (): connect failed, error= 대상 컴퓨터에서 연결을 거부했으므로 연결하지 못했습니다., this = 0xee50a20
[2023-05-11 17:10:17.680] [pxr_streamer] [error] rpc_terminal.cpp:37 operator (): connect failed, error= 대상 컴퓨터에서 연결을 거부했으므로 연결하지 못했습니다., this = 0xee50a20
[2023-05-11 17:10:20.722] [pxr_streamer] [error] rpc_terminal.cpp:37 operator (): connect failed, error= 대상 컴퓨터에서 연결을 거부했으므로 연결하지 못했습니다., this = 0xee50a20
[2023-05-11 17:10:23.763] [pxr_streamer] [error] rpc_terminal.cpp:37 operator (): connect failed, error= 대상 컴퓨터에서 연결을 거부했으므로 연결하지 못했습니다., this = 0xee50a20
[2023-05-11 17:10:26.810] [pxr_streamer] [error] rpc_terminal.cpp:37 operator (): connect failed, error= 대상 컴퓨터에서 연결을 거부했으므로 연결하지 못했습니다., this = 0xee50a20
[2023-05-11 17:10:29.853] [pxr_streamer] [error] rpc_terminal.cpp:37 operator (): connect failed, error= 대상 컴퓨터에서 연결을 거부했으므로 연결하지 못했습니다., this = 0xee50a20
[2023-05-11 17:10:32.900] [pxr_streamer] [error] rpc_terminal.cpp:37 operator (): connect failed, error= 대상 컴퓨터에서 연결을 거부했으므로 연결하지 못했습니다., this = 0xee50a20
[2023-05-11 17:10:35.939] [pxr_streamer] [error] rpc_terminal.cpp:37 operator (): connect failed, error= 대상 컴퓨터에서 연결을 거부했으므로 연결하지 못했습니다., this = 0xee50a20
[2023-05-11 17:10:38.995] [pxr_streamer] [error] rpc_terminal.cpp:37 operator (): connect failed, error= 대상 컴퓨터에서 연결을 거부했으므로 연결하지 못했습니다., this = 0xee50a20
[2023-05-11 17:10:42.038] [pxr_streamer] [error] rpc_terminal.cpp:37 operator (): connect failed, error= 대상 컴퓨터에서 연결을 거부했으므로 연결하지 못했습니다., this = 0xee50a20
[2023-05-11 17:10:45.082] [pxr_streamer] [error] rpc_terminal.cpp:37 operator (): connect failed, error= 대상 컴퓨터에서 연결을 거부했으므로 연결하지 못했습니다., this = 0xee50a20
[2023-05-11 17:10:48.125] [pxr_streamer] [error] rpc_terminal.cpp:37 operator (): connect failed, error= 대상 컴퓨터에서 연결을 거부했으므로 연결하지 못했습니다., this = 0xee50a20
[2023-05-11 17:10:51.175] [pxr_streamer] [error] rpc_terminal.cpp:37 operator (): connect failed, error= 대상 컴퓨터에서 연결을 거부했으므로 연결하지 못했습니다., this = 0xee50a20
[2023-05-11 17:10:54.212] [pxr_streamer] [error] rpc_terminal.cpp:37 operator (): connect failed, error= 대상 컴퓨터에서 연결을 거부했으므로 연결하지 못했습니다., this = 0xee50a20
[2023-05-11 17:10:57.245] [pxr_streamer] [error] rpc_terminal.cpp:37 operator (): connect failed, error= 대상 컴퓨터에서 연결을 거부했으므로 연결하지 못했습니다., this = 0xee50a20
[2023-05-11 17:11:00.285] [pxr_streamer] [error] rpc_terminal.cpp:37 operator (): connect failed, error= 대상 컴퓨터에서 연결을 거부했으므로 연결하지 못했습니다., this = 0xee50a20
[2023-05-11 17:11:03.328] [pxr_streamer] [error] rpc_terminal.cpp:37 operator (): connect failed, error= 대상 컴퓨터에서 연결을 거부했으므로 연결하지 못했습니다., this = 0xee50a20
[2023-05-11 17:11:06.376] [pxr_streamer] [error] rpc_terminal.cpp:37 operator (): connect failed, error= 대상 컴퓨터에서 연결을 거부했으므로 연결하지 못했습니다., this = 0xee50a20
[2023-05-11 17:11:09.415] [pxr_streamer] [error] rpc_terminal.cpp:37 operator (): connect failed, error= 대상 컴퓨터에서 연결을 거부했으므로 연결하지 못했습니다., this = 0xee50a20
[2023-05-11 17:11:12.456] [pxr_streamer] [error] rpc_terminal.cpp:37 operator (): connect failed, error= 대상 컴퓨터에서 연결을 거부했으므로 연결하지 못했습니다., this = 0xee50a20
[2023-05-11 17:11:15.494] [pxr_streamer] [error] rpc_terminal.cpp:37 operator (): connect failed, error= 대상 컴퓨터에서 연결을 거부했으므로 연결하지 못했습니다., this = 0xee50a20
[2023-05-11 17:11:18.532] [pxr_streamer] [error] rpc_terminal.cpp:37 operator (): connect failed, error= 대상 컴퓨터에서 연결을 거부했으므로 연결하지 못했습니다., this = 0xee50a20
[2023-05-11 17:11:21.575] [pxr_streamer] [error] rpc_terminal.cpp:37 operator (): connect failed, error= 대상 컴퓨터에서 연결을 거부했으므로 연결하지 못했습니다., this = 0xee50a20
[2023-05-11 17:11:24.621] [pxr_streamer] [error] rpc_terminal.cpp:37 operator (): connect failed, error= 대상 컴퓨터에서 연결을 거부했으므로 연결하지 못했습니다., this = 0xee50a20
[2023-05-11 17:11:27.652] [pxr_streamer] [error] rpc_terminal.cpp:37 operator (): connect failed, error= 대상 컴퓨터에서 연결을 거부했으므로 연결하지 못했습니다., this = 0xee50a20
[2023-05-11 17:11:30.697] [pxr_streamer] [error] rpc_terminal.cpp:37 operator (): connect failed, error= 대상 컴퓨터에서 연결을 거부했으므로 연결하지 못했습니다., this = 0xee50a20
[2023-05-11 17:11:33.745] [pxr_streamer] [error] rpc_terminal.cpp:37 operator (): connect failed, error= 대상 컴퓨터에서 연결을 거부했으므로 연결하지 못했습니다., this = 0xee50a20
[2023-05-11 17:11:36.790] [pxr_streamer] [error] rpc_terminal.cpp:37 operator (): connect failed, error= 대상 컴퓨터에서 연결을 거부했으므로 연결하지 못했습니다., this = 0xee50a20
[2023-05-11 17:11:39.830] [pxr_streamer] [error] rpc_terminal.cpp:37 operator (): connect failed, error= 대상 컴퓨터에서 연결을 거부했으므로 연결하지 못했습니다., this = 0xee50a20
[2023-05-11 17:11:42.870] [pxr_streamer] [error] rpc_terminal.cpp:37 operator (): connect failed, error= 대상 컴퓨터에서 연결을 거부했으므로 연결하지 못했습니다., this = 0xee50a20
[2023-05-11 17:11:45.908] [pxr_streamer] [error] rpc_terminal.cpp:37 operator (): connect failed, error= 대상 컴퓨터에서 연결을 거부했으므로 연결하지 못했습니다., this = 0xee50a20
[2023-05-11 17:11:48.951] [pxr_streamer] [error] rpc_terminal.cpp:37 operator (): connect failed, error= 대상 컴퓨터에서 연결을 거부했으므로 연결하지 못했습니다., this = 0xee50a20
[2023-05-11 17:11:51.993] [pxr_streamer] [error] rpc_terminal.cpp:37 operator (): connect failed, error= 대상 컴퓨터에서 연결을 거부했으므로 연결하지 못했습니다., this = 0xee50a20
[2023-05-11 17:11:55.026] [pxr_streamer] [error] rpc_terminal.cpp:37 operator (): connect failed, error= 대상 컴퓨터에서 연결을 거부했으므로 연결하지 못했습니다., this = 0xee50a20
[2023-05-11 17:11:58.075] [pxr_streamer] [error] rpc_terminal.cpp:37 operator (): connect failed, error= 대상 컴퓨터에서 연결을 거부했으므로 연결하지 못했습니다., this = 0xee50a20
[2023-05-11 17:12:01.127] [pxr_streamer] [error] rpc_terminal.cpp:37 operator (): connect failed, error= 대상 컴퓨터에서 연결을 거부했으므로 연결하지 못했습니다., this = 0xee50a20
[2023-05-11 17:12:04.166] [pxr_streamer] [error] rpc_terminal.cpp:37 operator (): connect failed, error= 대상 컴퓨터에서 연결을 거부했으므로 연결하지 못했습니다., this = 0xee50a20
[2023-05-11 17:12:07.219] [pxr_streamer] [error] rpc_terminal.cpp:37 operator (): connect failed, error= 대상 컴퓨터에서 연결을 거부했으므로 연결하지 못했습니다., this = 0xee50a20
[2023-05-11 17:12:10.257] [pxr_streamer] [error] rpc_terminal.cpp:37 operator (): connect failed, error= 대상 컴퓨터에서 연결을 거부했으므로 연결하지 못했습니다., this = 0xee50a20
[2023-05-11 17:12:13.305] [pxr_streamer] [error] rpc_terminal.cpp:37 operator (): connect failed, error= 대상 컴퓨터에서 연결을 거부했으므로 연결하지 못했습니다., this = 0xee50a20
[2023-05-11 17:12:16.356] [pxr_streamer] [error] rpc_terminal.cpp:37 operator (): connect failed, error= 대상 컴퓨터에서 연결을 거부했으므로 연결하지 못했습니다., this = 0xee50a20
[2023-05-11 17:12:19.401] [pxr_streamer] [error] rpc_terminal.cpp:37 operator (): connect failed, error= 대상 컴퓨터에서 연결을 거부했으므로 연결하지 못했습니다., this = 0xee50a20
[2023-05-11 17:12:22.451] [pxr_streamer] [error] rpc_terminal.cpp:37 operator (): connect failed, error= 대상 컴퓨터에서 연결을 거부했으므로 연결하지 못했습니다., this = 0xee50a20
[2023-05-11 17:12:25.486] [pxr_streamer] [error] rpc_terminal.cpp:37 operator (): connect failed, error= 대상 컴퓨터에서 연결을 거부했으므로 연결하지 못했습니다., this = 0xee50a20
[2023-05-11 17:12:28.530] [pxr_streamer] [error] rpc_terminal.cpp:37 operator (): connect failed, error= 대상 컴퓨터에서 연결을 거부했으므로 연결하지 못했습니다., this = 0xee50a20
[2023-05-11 17:12:28.995] [pxr_streamer] [error] rpc_terminal.cpp:37 operator (): connect failed, error= 대상 컴퓨터에서 연결을 거부했으므로 연결하지 못했습니다., this = 0x4400b190
[2023-05-11 17:12:28.995] [pxr_streamer] [error] rpc_terminal.h:50 Call: invalid rpc_client_, msg = Hello, this = 0x4400b190
[2023-05-11 17:12:28.995] [pxr_streamer] [error] rpc_terminal.h:50 Call: invalid rpc_client_, msg = QueryRemoteTerminals, this = 0x4400b190
[2023-05-11 17:12:31.572] [pxr_streamer] [error] rpc_terminal.cpp:37 operator (): connect failed, error= 대상 컴퓨터에서 연결을 거부했으므로 연결하지 못했습니다., this = 0xee50a20
[2023-05-11 17:12:32.041] [pxr_streamer] [error] rpc_terminal.cpp:37 operator (): connect failed, error= 대상 컴퓨터에서 연결을 거부했으므로 연결하지 못했습니다., this = 0x4400b190
[2023-05-11 17:12:34.593] [pxr_streamer] [error] rpc_terminal.cpp:37 operator (): connect failed, error= 대상 컴퓨터에서 연결을 거부했으므로 연결하지 못했습니다., this = 0xee50a20
[2023-05-11 17:12:35.065] [pxr_streamer] [error] rpc_terminal.cpp:37 operator (): connect failed, error= 대상 컴퓨터에서 연결을 거부했으므로 연결하지 못했습니다., this = 0x4400b190
[2023-05-11 17:12:37.613] [pxr_streamer] [error] rpc_terminal.cpp:37 operator (): connect failed, error= 대상 컴퓨터에서 연결을 거부했으므로 연결하지 못했습니다., this = 0xee50a20
[2023-05-11 17:12:38.100] [pxr_streamer] [error] rpc_terminal.cpp:37 operator (): connect failed, error= 대상 컴퓨터에서 연결을 거부했으므로 연결하지 못했습니다., this = 0x4400b190
[2023-05-11 17:12:40.636] [pxr_streamer] [error] rpc_terminal.cpp:37 operator (): connect failed, error= 대상 컴퓨터에서 연결을 거부했으므로 연결하지 못했습니다., this = 0xee50a20
[2023-05-11 17:12:41.124] [pxr_streamer] [error] rpc_terminal.cpp:37 operator (): connect failed, error= 대상 컴퓨터에서 연결을 거부했으므로 연결하지 못했습니다., this = 0x4400b190
[2023-05-11 17:12:43.646] [pxr_streamer] [error] rpc_terminal.cpp:37 operator (): connect failed, error= 대상 컴퓨터에서 연결을 거부했으므로 연결하지 못했습니다., this = 0xee50a20
[2023-05-11 17:12:44.132] [pxr_streamer] [error] rpc_terminal.cpp:37 operator (): connect failed, error= 대상 컴퓨터에서 연결을 거부했으므로 연결하지 못했습니다., this = 0x4400b190
[2023-05-11 17:12:46.668] [pxr_streamer] [error] rpc_terminal.cpp:37 operator (): connect failed, error= 대상 컴퓨터에서 연결을 거부했으므로 연결하지 못했습니다., this = 0xee50a20
[2023-05-11 17:12:47.157] [pxr_streamer] [error] rpc_terminal.cpp:37 operator (): connect failed, error= 대상 컴퓨터에서 연결을 거부했으므로 연결하지 못했습니다., this = 0x4400b190
[2023-05-11 17:12:49.680] [pxr_streamer] [error] rpc_terminal.cpp:37 operator (): connect failed, error= 대상 컴퓨터에서 연결을 거부했으므로 연결하지 못했습니다., this = 0xee50a20
[2023-05-11 17:12:50.167] [pxr_streamer] [error] rpc_terminal.cpp:37 operator (): connect failed, error= 대상 컴퓨터에서 연결을 거부했으므로 연결하지 못했습니다., this = 0x4400b190
[2023-05-11 17:12:52.691] [pxr_streamer] [error] rpc_terminal.cpp:37 operator (): connect failed, error= 대상 컴퓨터에서 연결을 거부했으므로 연결하지 못했습니다., this = 0xee50a20
[2023-05-11 17:12:53.204] [pxr_streamer] [error] rpc_terminal.cpp:37 operator (): connect failed, error= 대상 컴퓨터에서 연결을 거부했으므로 연결하지 못했습니다., this = 0x4400b190
